mode: set
performance/encoding-decoding/Example.go:12.51,19.2 1 1
performance/encoding-decoding/Example.go:21.50,28.2 1 1
performance/encoding-decoding/Example.go:52.36,53.52 1 0
performance/encoding-decoding/Example.pb.go:35.32,37.29 2 1
performance/encoding-decoding/Example.pb.go:37.29,41.3 3 1
performance/encoding-decoding/Example.pb.go:44.40,46.2 1 0
performance/encoding-decoding/Example.pb.go:48.38,48.39 0 0
performance/encoding-decoding/Example.pb.go:50.60,52.41 2 1
performance/encoding-decoding/Example.pb.go:59.2,59.24 1 0
performance/encoding-decoding/Example.pb.go:52.41,54.34 2 1
performance/encoding-decoding/Example.pb.go:57.3,57.12 1 1
performance/encoding-decoding/Example.pb.go:54.34,56.4 1 1
performance/encoding-decoding/Example.pb.go:63.51,65.2 1 0
performance/encoding-decoding/Example.pb.go:67.37,68.14 1 0
performance/encoding-decoding/Example.pb.go:71.2,71.10 1 0
performance/encoding-decoding/Example.pb.go:68.14,70.3 1 0
performance/encoding-decoding/Example.pb.go:74.38,75.14 1 0
performance/encoding-decoding/Example.pb.go:78.2,78.11 1 0
performance/encoding-decoding/Example.pb.go:75.14,77.3 1 0
performance/encoding-decoding/Example.pb.go:81.39,82.14 1 0
performance/encoding-decoding/Example.pb.go:85.2,85.12 1 0
performance/encoding-decoding/Example.pb.go:82.14,84.3 1 0
performance/encoding-decoding/Example.pb.go:88.40,89.14 1 0
performance/encoding-decoding/Example.pb.go:92.2,92.12 1 0
performance/encoding-decoding/Example.pb.go:89.14,91.3 1 0
performance/encoding-decoding/Example.pb.go:114.46,115.43 1 0
performance/encoding-decoding/Example.pb.go:118.2,118.39 1 0
performance/encoding-decoding/Example.pb.go:115.43,117.3 1 0
performance/encoding-decoding/Example.pb.go:133.13,133.42 1 1
performance/encoding-decoding/Example.pb.go:134.32,135.31 1 1
performance/encoding-decoding/Example.pb.go:138.2,138.30 1 1
performance/encoding-decoding/Example.pb.go:152.2,169.34 6 1
performance/encoding-decoding/Example.pb.go:135.31,137.3 1 0
performance/encoding-decoding/Example.pb.go:138.30,139.84 1 0
performance/encoding-decoding/Example.pb.go:139.84,140.37 1 0
performance/encoding-decoding/Example.pb.go:141.11,142.20 1 0
performance/encoding-decoding/Example.pb.go:143.11,144.24 1 0
performance/encoding-decoding/Example.pb.go:145.11,146.28 1 0
performance/encoding-decoding/Example.pb.go:147.12,148.15 1 0
performance/encoding-decoding/Example_easyjson.go:20.88,22.17 2 1
performance/encoding-decoding/Example_easyjson.go:29.2,30.23 2 1
performance/encoding-decoding/Example_easyjson.go:94.2,95.16 2 1
performance/encoding-decoding/Example_easyjson.go:22.17,23.17 1 0
performance/encoding-decoding/Example_easyjson.go:26.3,27.9 2 0
performance/encoding-decoding/Example_easyjson.go:23.17,25.4 1 0
performance/encoding-decoding/Example_easyjson.go:30.23,33.18 3 1
performance/encoding-decoding/Example_easyjson.go:38.3,38.14 1 1
performance/encoding-decoding/Example_easyjson.go:92.3,92.17 1 1
performance/encoding-decoding/Example_easyjson.go:33.18,36.12 3 0
performance/encoding-decoding/Example_easyjson.go:39.12,40.29 1 1
performance/encoding-decoding/Example_easyjson.go:41.12,42.31 1 1
performance/encoding-decoding/Example_easyjson.go:43.12,44.19 1 1
performance/encoding-decoding/Example_easyjson.go:66.12,67.19 1 1
performance/encoding-decoding/Example_easyjson.go:89.11,90.22 1 0
performance/encoding-decoding/Example_easyjson.go:44.19,47.5 2 0
performance/encoding-decoding/Example_easyjson.go:47.10,49.21 2 1
performance/encoding-decoding/Example_easyjson.go:58.5,58.26 1 1
performance/encoding-decoding/Example_easyjson.go:64.5,64.18 1 1
performance/encoding-decoding/Example_easyjson.go:49.21,50.26 1 1
performance/encoding-decoding/Example_easyjson.go:50.26,52.7 1 1
performance/encoding-decoding/Example_easyjson.go:52.12,54.7 1 0
performance/encoding-decoding/Example_easyjson.go:55.11,57.6 1 0
performance/encoding-decoding/Example_easyjson.go:58.26,63.6 4 1
performance/encoding-decoding/Example_easyjson.go:67.19,70.5 2 0
performance/encoding-decoding/Example_easyjson.go:70.10,72.21 2 1
performance/encoding-decoding/Example_easyjson.go:81.5,81.26 1 1
performance/encoding-decoding/Example_easyjson.go:87.5,87.18 1 1
performance/encoding-decoding/Example_easyjson.go:72.21,73.26 1 1
performance/encoding-decoding/Example_easyjson.go:73.26,75.7 1 1
performance/encoding-decoding/Example_easyjson.go:75.12,77.7 1 0
performance/encoding-decoding/Example_easyjson.go:78.11,80.6 1 0
performance/encoding-decoding/Example_easyjson.go:81.26,86.6 4 1
performance/encoding-decoding/Example_easyjson.go:95.16,97.3 1 1
performance/encoding-decoding/Example_easyjson.go:99.89,103.2 4 1
performance/encoding-decoding/Example_easyjson.go:145.2,145.18 1 1
performance/encoding-decoding/Example_easyjson.go:103.2,107.3 3 1
performance/encoding-decoding/Example_easyjson.go:108.2,112.3 3 1
performance/encoding-decoding/Example_easyjson.go:113.2,116.62 3 1
performance/encoding-decoding/Example_easyjson.go:116.62,118.4 1 0
performance/encoding-decoding/Example_easyjson.go:118.9,120.29 2 1
performance/encoding-decoding/Example_easyjson.go:126.4,126.20 1 1
performance/encoding-decoding/Example_easyjson.go:120.29,121.15 1 1
performance/encoding-decoding/Example_easyjson.go:124.5,124.25 1 1
performance/encoding-decoding/Example_easyjson.go:121.15,123.6 1 1
performance/encoding-decoding/Example_easyjson.go:129.2,132.62 3 1
performance/encoding-decoding/Example_easyjson.go:132.62,134.4 1 0
performance/encoding-decoding/Example_easyjson.go:134.9,136.29 2 1
performance/encoding-decoding/Example_easyjson.go:142.4,142.20 1 1
performance/encoding-decoding/Example_easyjson.go:136.29,137.15 1 1
performance/encoding-decoding/Example_easyjson.go:140.5,140.27 1 1
performance/encoding-decoding/Example_easyjson.go:137.15,139.6 1 1
performance/encoding-decoding/Example_easyjson.go:149.53,151.2 1 1
performance/encoding-decoding/Example_easyjson.go:154.54,156.2 1 1
performance/encoding-decoding/encDec.go:10.50,13.43 3 1
performance/encoding-decoding/encDec.go:16.2,16.20 1 1
performance/encoding-decoding/encDec.go:13.43,15.3 1 0
performance/encoding-decoding/encDec.go:20.59,23.42 3 1
performance/encoding-decoding/encDec.go:23.42,25.3 1 0
performance/encoding-decoding/encDec.go:29.58,32.42 3 1
performance/encoding-decoding/encDec.go:35.2,36.43 2 1
performance/encoding-decoding/encDec.go:32.42,34.3 1 0
performance/encoding-decoding/encDec.go:36.43,38.3 1 0
performance/encoding-decoding/encDec.go:42.49,45.43 3 1
performance/encoding-decoding/encDec.go:48.2,48.20 1 1
performance/encoding-decoding/encDec.go:45.43,47.3 1 0
performance/encoding-decoding/encDec.go:52.58,55.42 3 1
performance/encoding-decoding/encDec.go:55.42,57.3 1 0
performance/encoding-decoding/encDec.go:61.57,64.42 3 1
performance/encoding-decoding/encDec.go:67.2,68.43 2 1
performance/encoding-decoding/encDec.go:64.42,66.3 1 0
performance/encoding-decoding/encDec.go:68.43,70.3 1 0
performance/encoding-decoding/marshUnmarsh.go:15.57,17.16 2 1
performance/encoding-decoding/marshUnmarsh.go:20.2,20.18 1 1
performance/encoding-decoding/marshUnmarsh.go:17.16,19.3 1 0
performance/encoding-decoding/marshUnmarsh.go:24.78,25.64 1 1
performance/encoding-decoding/marshUnmarsh.go:25.64,27.3 1 0
performance/encoding-decoding/marshUnmarsh.go:31.71,33.16 2 1
performance/encoding-decoding/marshUnmarsh.go:37.2,37.59 1 1
performance/encoding-decoding/marshUnmarsh.go:33.16,35.3 1 0
performance/encoding-decoding/marshUnmarsh.go:37.59,39.3 1 0
performance/encoding-decoding/marshUnmarsh.go:43.60,45.16 2 1
performance/encoding-decoding/marshUnmarsh.go:48.2,48.18 1 1
performance/encoding-decoding/marshUnmarsh.go:45.16,47.3 1 0
performance/encoding-decoding/marshUnmarsh.go:52.76,53.67 1 1
performance/encoding-decoding/marshUnmarsh.go:53.67,55.3 1 0
performance/encoding-decoding/marshUnmarsh.go:59.69,61.16 2 1
performance/encoding-decoding/marshUnmarsh.go:64.2,64.62 1 1
performance/encoding-decoding/marshUnmarsh.go:61.16,63.3 1 0
performance/encoding-decoding/marshUnmarsh.go:64.62,66.3 1 0
performance/encoding-decoding/marshUnmarsh.go:70.56,72.16 2 1
performance/encoding-decoding/marshUnmarsh.go:75.2,75.18 1 1
performance/encoding-decoding/marshUnmarsh.go:72.16,74.3 1 0
performance/encoding-decoding/marshUnmarsh.go:79.72,80.63 1 1
performance/encoding-decoding/marshUnmarsh.go:80.63,82.3 1 0
performance/encoding-decoding/marshUnmarsh.go:86.65,88.16 2 1
performance/encoding-decoding/marshUnmarsh.go:91.2,91.58 1 1
performance/encoding-decoding/marshUnmarsh.go:88.16,90.3 1 0
performance/encoding-decoding/marshUnmarsh.go:91.58,93.3 1 0
